<?xml version="1.0" encoding="UTF-8"?>
<!-- Generated by org.testng.reporters.JUnitReportReporter -->
<testsuite hostname="DESKTOP-0CQ8PV8" name="com.mindtree.Runner.TestRunner" tests="1" failures="0" timestamp="9 Sep 2021 07:17:06 GMT" time="32.069" errors="0">
  <testcase name="feature" time="32.069" classname="com.mindtree.Runner.TestRunner"/>
</testsuite> <!-- com.mindtree.Runner.TestRunner -->
