<?xml version="1.0" encoding="UTF-8"?>
<!-- Generated by org.testng.reporters.JUnitReportReporter -->
<testsuite hostname="DESKTOP-0CQ8PV8" name="com.mindtree.BDD_Cucumber.Runner.TestRunner" tests="1" failures="0" timestamp="6 Sep 2021 03:45:58 GMT" time="35.047" errors="0">
  <testcase name="feature" time="35.047" classname="com.mindtree.BDD_Cucumber.Runner.TestRunner"/>
</testsuite> <!-- com.mindtree.BDD_Cucumber.Runner.TestRunner -->
